c:\users\ing_test\desktop\dha5x5_stte_r856_mod\dha5x5_stte_srcs_r856\debug\dha5x5_stte.bsc
c:\users\ing_test\desktop\dha5x5_stte_r856_mod\dha5x5_stte_srcs_r856\debug\dha5x5_stte.pch
c:\users\ing_test\desktop\dha5x5_stte_r856_mod\dha5x5_stte_srcs_r856\debug\vc142.pdb
c:\users\ing_test\desktop\dha5x5_stte_r856_mod\dha5x5_stte_srcs_r856\debug\vc142.idb
c:\users\ing_test\desktop\dha5x5_stte_r856_mod\dha5x5_stte_srcs_r856\debug\stdafx.sbr
c:\users\ing_test\desktop\dha5x5_stte_r856_mod\dha5x5_stte_srcs_r856\debug\stdafx.obj
c:\users\ing_test\desktop\dha5x5_stte_r856_mod\dha5x5_stte_srcs_r856\debug\thrd.sbr
c:\users\ing_test\desktop\dha5x5_stte_r856_mod\dha5x5_stte_srcs_r856\debug\stteconfigdlg.sbr
c:\users\ing_test\desktop\dha5x5_stte_r856_mod\dha5x5_stte_srcs_r856\debug\statuslistctrl.sbr
c:\users\ing_test\desktop\dha5x5_stte_r856_mod\dha5x5_stte_srcs_r856\debug\smartstatic.sbr
c:\users\ing_test\desktop\dha5x5_stte_r856_mod\dha5x5_stte_srcs_r856\debug\smartlistctrl.sbr
c:\users\ing_test\desktop\dha5x5_stte_r856_mod\dha5x5_stte_srcs_r856\debug\selectunitdlg.sbr
c:\users\ing_test\desktop\dha5x5_stte_r856_mod\dha5x5_stte_srcs_r856\debug\mmdlg.sbr
c:\users\ing_test\desktop\dha5x5_stte_r856_mod\dha5x5_stte_srcs_r856\debug\maintmpp.sbr
c:\users\ing_test\desktop\dha5x5_stte_r856_mod\dha5x5_stte_srcs_r856\debug\maintdlg.sbr
c:\users\ing_test\desktop\dha5x5_stte_r856_mod\dha5x5_stte_srcs_r856\debug\loaderdlg.sbr
c:\users\ing_test\desktop\dha5x5_stte_r856_mod\dha5x5_stte_srcs_r856\debug\inifilemng.sbr
c:\users\ing_test\desktop\dha5x5_stte_r856_mod\dha5x5_stte_srcs_r856\debug\ini.sbr
c:\users\ing_test\desktop\dha5x5_stte_r856_mod\dha5x5_stte_srcs_r856\debug\generatebrtdlg.sbr
c:\users\ing_test\desktop\dha5x5_stte_r856_mod\dha5x5_stte_srcs_r856\debug\fmt_wnd.sbr
c:\users\ing_test\desktop\dha5x5_stte_r856_mod\dha5x5_stte_srcs_r856\debug\fmt_tracectrl.sbr
c:\users\ing_test\desktop\dha5x5_stte_r856_mod\dha5x5_stte_srcs_r856\debug\fmt_dib.sbr
c:\users\ing_test\desktop\dha5x5_stte_r856_mod\dha5x5_stte_srcs_r856\debug\enhmaintdlg.sbr
c:\users\ing_test\desktop\dha5x5_stte_r856_mod\dha5x5_stte_srcs_r856\debug\editipdlg.sbr
c:\users\ing_test\desktop\dha5x5_stte_r856_mod\dha5x5_stte_srcs_r856\debug\dhasttedevice.sbr
c:\users\ing_test\desktop\dha5x5_stte_r856_mod\dha5x5_stte_srcs_r856\debug\dha5x5_sttedlg.sbr
c:\users\ing_test\desktop\dha5x5_stte_r856_mod\dha5x5_stte_srcs_r856\debug\dha5x5_sttedlg.obj
c:\users\ing_test\desktop\dha5x5_stte_r856_mod\dha5x5_stte_srcs_r856\debug\dhasttedevice.obj
c:\users\ing_test\desktop\dha5x5_stte_r856_mod\dha5x5_stte_srcs_r856\debug\editipdlg.obj
c:\users\ing_test\desktop\dha5x5_stte_r856_mod\dha5x5_stte_srcs_r856\debug\enhmaintdlg.obj
c:\users\ing_test\desktop\dha5x5_stte_r856_mod\dha5x5_stte_srcs_r856\debug\fmt_dib.obj
c:\users\ing_test\desktop\dha5x5_stte_r856_mod\dha5x5_stte_srcs_r856\debug\fmt_tracectrl.obj
c:\users\ing_test\desktop\dha5x5_stte_r856_mod\dha5x5_stte_srcs_r856\debug\fmt_wnd.obj
c:\users\ing_test\desktop\dha5x5_stte_r856_mod\dha5x5_stte_srcs_r856\debug\generatebrtdlg.obj
c:\users\ing_test\desktop\dha5x5_stte_r856_mod\dha5x5_stte_srcs_r856\debug\ini.obj
c:\users\ing_test\desktop\dha5x5_stte_r856_mod\dha5x5_stte_srcs_r856\debug\inifilemng.obj
c:\users\ing_test\desktop\dha5x5_stte_r856_mod\dha5x5_stte_srcs_r856\debug\loaderdlg.obj
c:\users\ing_test\desktop\dha5x5_stte_r856_mod\dha5x5_stte_srcs_r856\debug\maintdlg.obj
c:\users\ing_test\desktop\dha5x5_stte_r856_mod\dha5x5_stte_srcs_r856\debug\maintmpp.obj
c:\users\ing_test\desktop\dha5x5_stte_r856_mod\dha5x5_stte_srcs_r856\debug\mmdlg.obj
c:\users\ing_test\desktop\dha5x5_stte_r856_mod\dha5x5_stte_srcs_r856\debug\selectunitdlg.obj
c:\users\ing_test\desktop\dha5x5_stte_r856_mod\dha5x5_stte_srcs_r856\debug\smartlistctrl.obj
c:\users\ing_test\desktop\dha5x5_stte_r856_mod\dha5x5_stte_srcs_r856\debug\smartstatic.obj
c:\users\ing_test\desktop\dha5x5_stte_r856_mod\dha5x5_stte_srcs_r856\debug\statuslistctrl.obj
c:\users\ing_test\desktop\dha5x5_stte_r856_mod\dha5x5_stte_srcs_r856\debug\stteconfigdlg.obj
c:\users\ing_test\desktop\dha5x5_stte_r856_mod\dha5x5_stte_srcs_r856\debug\thrd.obj
c:\users\ing_test\desktop\dha5x5_stte_r856_mod\dha5x5_stte_srcs_r856\debug\dha5x5_stte.sbr
c:\users\ing_test\desktop\dha5x5_stte_r856_mod\dha5x5_stte_srcs_r856\debug\cremoteprocess.sbr
c:\users\ing_test\desktop\dha5x5_stte_r856_mod\dha5x5_stte_srcs_r856\debug\cremotepanel.sbr
c:\users\ing_test\desktop\dha5x5_stte_r856_mod\dha5x5_stte_srcs_r856\debug\comdlg.sbr
c:\users\ing_test\desktop\dha5x5_stte_r856_mod\dha5x5_stte_srcs_r856\debug\cnffile.sbr
c:\users\ing_test\desktop\dha5x5_stte_r856_mod\dha5x5_stte_srcs_r856\debug\clienttcpmng.sbr
c:\users\ing_test\desktop\dha5x5_stte_r856_mod\dha5x5_stte_srcs_r856\debug\btlfile.sbr
c:\users\ing_test\desktop\dha5x5_stte_r856_mod\dha5x5_stte_srcs_r856\debug\brtfbkcalibdlg.sbr
c:\users\ing_test\desktop\dha5x5_stte_r856_mod\dha5x5_stte_srcs_r856\debug\brtdlg.sbr
c:\users\ing_test\desktop\dha5x5_stte_r856_mod\dha5x5_stte_srcs_r856\debug\brtbuilderdlg.sbr
c:\users\ing_test\desktop\dha5x5_stte_r856_mod\dha5x5_stte_srcs_r856\debug\brtbuilderdlg.obj
c:\users\ing_test\desktop\dha5x5_stte_r856_mod\dha5x5_stte_srcs_r856\debug\brtdlg.obj
c:\users\ing_test\desktop\dha5x5_stte_r856_mod\dha5x5_stte_srcs_r856\debug\brtfbkcalibdlg.obj
c:\users\ing_test\desktop\dha5x5_stte_r856_mod\dha5x5_stte_srcs_r856\debug\btlfile.obj
c:\users\ing_test\desktop\dha5x5_stte_r856_mod\dha5x5_stte_srcs_r856\debug\clienttcpmng.obj
c:\users\ing_test\desktop\dha5x5_stte_r856_mod\dha5x5_stte_srcs_r856\debug\cnffile.obj
c:\users\ing_test\desktop\dha5x5_stte_r856_mod\dha5x5_stte_srcs_r856\debug\comdlg.obj
c:\users\ing_test\desktop\dha5x5_stte_r856_mod\dha5x5_stte_srcs_r856\debug\cremotepanel.obj
c:\users\ing_test\desktop\dha5x5_stte_r856_mod\dha5x5_stte_srcs_r856\debug\cremoteprocess.obj
c:\users\ing_test\desktop\dha5x5_stte_r856_mod\dha5x5_stte_srcs_r856\debug\dha5x5_stte.obj
c:\users\ing_test\desktop\dha5x5_stte_r856_mod\dha5x5_stte_srcs_r856\debug\dha5x5_stte.ilk
c:\users\ing_test\desktop\dha5x5_stte_r856_mod\dha5x5_stte_srcs_r856\debug\dha5x5_stte.exe
c:\users\ing_test\desktop\dha5x5_stte_r856_mod\dha5x5_stte_srcs_r856\debug\dha5x5_stte.pdb
c:\users\ing_test\desktop\dha5x5_stte_r856_mod\dha5x5_stte_srcs_r856\debug\dha5x5_stte.res
c:\users\ing_test\desktop\dha5x5_stte_r856_mod\dha5x5_stte_srcs_r856\debug\dha5x5_stte.tlog\bscmake.command.1.tlog
c:\users\ing_test\desktop\dha5x5_stte_r856_mod\dha5x5_stte_srcs_r856\debug\dha5x5_stte.tlog\bscmake.read.1.tlog
c:\users\ing_test\desktop\dha5x5_stte_r856_mod\dha5x5_stte_srcs_r856\debug\dha5x5_stte.tlog\bscmake.write.1.tlog
c:\users\ing_test\desktop\dha5x5_stte_r856_mod\dha5x5_stte_srcs_r856\debug\dha5x5_stte.tlog\cl.command.1.tlog
c:\users\ing_test\desktop\dha5x5_stte_r856_mod\dha5x5_stte_srcs_r856\debug\dha5x5_stte.tlog\cl.read.1.tlog
c:\users\ing_test\desktop\dha5x5_stte_r856_mod\dha5x5_stte_srcs_r856\debug\dha5x5_stte.tlog\cl.write.1.tlog
c:\users\ing_test\desktop\dha5x5_stte_r856_mod\dha5x5_stte_srcs_r856\debug\dha5x5_stte.tlog\link.command.1.tlog
c:\users\ing_test\desktop\dha5x5_stte_r856_mod\dha5x5_stte_srcs_r856\debug\dha5x5_stte.tlog\link.read.1.tlog
c:\users\ing_test\desktop\dha5x5_stte_r856_mod\dha5x5_stte_srcs_r856\debug\dha5x5_stte.tlog\link.write.1.tlog
c:\users\ing_test\desktop\dha5x5_stte_r856_mod\dha5x5_stte_srcs_r856\debug\dha5x5_stte.tlog\rc.command.1.tlog
c:\users\ing_test\desktop\dha5x5_stte_r856_mod\dha5x5_stte_srcs_r856\debug\dha5x5_stte.tlog\rc.read.1.tlog
c:\users\ing_test\desktop\dha5x5_stte_r856_mod\dha5x5_stte_srcs_r856\debug\dha5x5_stte.tlog\rc.write.1.tlog
