  StdAfx.cpp
  _WIN32_WINNT not defined. Defaulting to _WIN32_WINNT_MAXVER (see WinSDKVer.h)
  BrtBuilderDlg.cpp
C:\Users\ING_TEST\Desktop\Dha5x5_STTE_r856_mod\Dha5x5_STTE_Srcs_r856\BrtBuilderDlg.cpp(411,47): warning C4244: 'argomento': conversione da 'DWORD' a 'BYTE'. Possibile perdita di dati.
C:\Users\ING_TEST\Desktop\Dha5x5_STTE_r856_mod\Dha5x5_STTE_Srcs_r856\BrtBuilderDlg.cpp(418,45): warning C4244: 'argomento': conversione da 'DWORD' a 'BYTE'. Possibile perdita di dati.
  BrtDlg.cpp
  BrtFbkCalibDlg.cpp
C:\Users\ING_TEST\Desktop\Dha5x5_STTE_r856_mod\Dha5x5_STTE_Srcs_r856\BrtFbkCalibDlg.cpp(282,75): warning C4244: '=': conversione da 't_FMT_Uint64' a 'DWORD'. Possibile perdita di dati.
C:\Users\ING_TEST\Desktop\Dha5x5_STTE_r856_mod\Dha5x5_STTE_Srcs_r856\BrtFbkCalibDlg.cpp(283,75): warning C4244: '=': conversione da 't_FMT_Uint64' a 'DWORD'. Possibile perdita di dati.
  BtlFile.cpp
  ClientTCPMng.cpp
  CnfFile.cpp
  ComDlg.cpp
  CRemotePanel.cpp
C:\Users\ING_TEST\Desktop\Dha5x5_STTE_r856_mod\Dha5x5_STTE_Srcs_r856\CRemotePanel.cpp(599,19): warning C4244: 'argomento': conversione da 'int' a 'float'. Possibile perdita di dati.
C:\Users\ING_TEST\Desktop\Dha5x5_STTE_r856_mod\Dha5x5_STTE_Srcs_r856\CRemotePanel.cpp(651,19): warning C4244: 'argomento': conversione da 'int' a 'float'. Possibile perdita di dati.
C:\Users\ING_TEST\Desktop\Dha5x5_STTE_r856_mod\Dha5x5_STTE_Srcs_r856\CRemotePanel.cpp(701,19): warning C4244: 'argomento': conversione da 'int' a 'float'. Possibile perdita di dati.
C:\Users\ING_TEST\Desktop\Dha5x5_STTE_r856_mod\Dha5x5_STTE_Srcs_r856\CRemotePanel.cpp(751,19): warning C4244: 'argomento': conversione da 'int' a 'float'. Possibile perdita di dati.
C:\Users\ING_TEST\Desktop\Dha5x5_STTE_r856_mod\Dha5x5_STTE_Srcs_r856\CRemotePanel.cpp(1302,9): warning C4244: 'return': conversione da 'double' a 'int'. Possibile perdita di dati.
C:\Users\ING_TEST\Desktop\Dha5x5_STTE_r856_mod\Dha5x5_STTE_Srcs_r856\CRemotePanel.cpp(1315,47): warning C4244: '=': conversione da 'double' a 'WORD'. Possibile perdita di dati.
C:\Users\ING_TEST\Desktop\Dha5x5_STTE_r856_mod\Dha5x5_STTE_Srcs_r856\CRemotePanel.cpp(1336,64): warning C4244: '=': conversione da 'double' a 'int'. Possibile perdita di dati.
C:\Users\ING_TEST\Desktop\Dha5x5_STTE_r856_mod\Dha5x5_STTE_Srcs_r856\CRemotePanel.cpp(1351,47): warning C4244: '=': conversione da 'double' a 'WORD'. Possibile perdita di dati.
C:\Users\ING_TEST\Desktop\Dha5x5_STTE_r856_mod\Dha5x5_STTE_Srcs_r856\CRemotePanel.cpp(1373,9): warning C4244: 'return': conversione da 'double' a 'int'. Possibile perdita di dati.
C:\Users\ING_TEST\Desktop\Dha5x5_STTE_r856_mod\Dha5x5_STTE_Srcs_r856\CRemotePanel.cpp(1386,47): warning C4244: '=': conversione da 'double' a 'WORD'. Possibile perdita di dati.
C:\Users\ING_TEST\Desktop\Dha5x5_STTE_r856_mod\Dha5x5_STTE_Srcs_r856\CRemotePanel.cpp(1410,9): warning C4244: 'return': conversione da 'double' a 'int'. Possibile perdita di dati.
C:\Users\ING_TEST\Desktop\Dha5x5_STTE_r856_mod\Dha5x5_STTE_Srcs_r856\CRemotePanel.cpp(1422,47): warning C4244: '=': conversione da 'double' a 'WORD'. Possibile perdita di dati.
C:\Users\ING_TEST\Desktop\Dha5x5_STTE_r856_mod\Dha5x5_STTE_Srcs_r856\CRemotePanel.cpp(2088,25): warning C4996: 'localtime': This function or variable may be unsafe. Consider using localtime_s instead. To disable deprecation, use _CRT_SECURE_NO_WARNINGS. See online help for details.
  CRemoteProcess.cpp
C:\Users\ING_TEST\Desktop\Dha5x5_STTE_r856_mod\Dha5x5_STTE_Srcs_r856\CRemoteProcess.cpp(25,21): warning C4305: '=': troncamento da '<unnamed-enum-TCP_PORT>' a 'WORD'
C:\Users\ING_TEST\Desktop\Dha5x5_STTE_r856_mod\Dha5x5_STTE_Srcs_r856\CRemoteProcess.cpp(25,13): warning C4309: '=': troncamento di valore costante
C:\Users\ING_TEST\Desktop\Dha5x5_STTE_r856_mod\Dha5x5_STTE_Srcs_r856\CRemoteProcess.cpp(67,20): warning C4018: '<': errata corrispondenza tra signed e unsigned
  dha5x5_STTE.cpp
  dha5x5_STTEDlg.cpp
  DhaStteDevice.cpp
C:\Users\ING_TEST\Desktop\Dha5x5_STTE_r856_mod\Dha5x5_STTE_Srcs_r856\DhaStteDevice.cpp(1667,26): warning C4305: '=': troncamento da 'int' a 'BYTE'
C:\Users\ING_TEST\Desktop\Dha5x5_STTE_r856_mod\Dha5x5_STTE_Srcs_r856\DhaStteDevice.cpp(1667,23): warning C4309: '=': troncamento di valore costante
  EditIpDlg.cpp
  EnhMaintDlg.cpp
  FMT_DIB.cpp
  FMT_TraceCtrl.cpp
  FMT_Wnd.cpp
  GenerateBrtDlg.cpp
  INI.cpp
  IniFileMng.cpp
  Generazione del codice in corso...
C:\Users\ING_TEST\Desktop\Dha5x5_STTE_r856_mod\Dha5x5_STTE_Srcs_r856\DhaStteDevice.cpp(1768): warning C4715: 'CDhaStteDevice::EnableLog': non tutti i percorsi di controllo restituiscono un valore
  Compilazione in corso...
  LoaderDlg.cpp
C:\Users\ING_TEST\Desktop\Dha5x5_STTE_r856_mod\Dha5x5_STTE_Srcs_r856\LoaderDlg.cpp(1397,9): warning C4101: 'dwRet': variabile locale senza riferimenti
  MaintDlg.cpp
C:\Users\ING_TEST\Desktop\Dha5x5_STTE_r856_mod\Dha5x5_STTE_Srcs_r856\MaintDlg.cpp(213,28): warning C4244: 'argomento': conversione da 'DWORD' a 'BYTE'. Possibile perdita di dati.
C:\Users\ING_TEST\Desktop\Dha5x5_STTE_r856_mod\Dha5x5_STTE_Srcs_r856\MaintDlg.cpp(229,28): warning C4244: 'argomento': conversione da 'DWORD' a 'BYTE'. Possibile perdita di dati.
  MaintMpp.cpp
  MMDlg.cpp
C:\Users\ING_TEST\Desktop\Dha5x5_STTE_r856_mod\Dha5x5_STTE_Srcs_r856\MMDlg.cpp(1611,35): warning C4018: '<': errata corrispondenza tra signed e unsigned
  SelectUnitDlg.cpp
  SmartListCtrl.cpp
  SmartStatic.cpp
  StatusListCtrl.cpp
  StteConfigDlg.cpp
  Thrd.cpp
  Generazione del codice in corso...
  dha5x5_STTE.vcxproj -> C:\Users\ING_TEST\Desktop\Dha5x5_STTE_r856_mod\Dha5x5_STTE_Srcs_r856\Release\dha5x5_STTE.exe
