c:\users\ing_test\desktop\dha5x5_stte_r856_mod\dha5x5_stte_srcs_r856\release\dha5x5_stte.pch
c:\users\ing_test\desktop\dha5x5_stte_r856_mod\dha5x5_stte_srcs_r856\release\vc142.pdb
c:\users\ing_test\desktop\dha5x5_stte_r856_mod\dha5x5_stte_srcs_r856\release\stdafx.obj
c:\users\ing_test\desktop\dha5x5_stte_r856_mod\dha5x5_stte_srcs_r856\release\inifilemng.obj
c:\users\ing_test\desktop\dha5x5_stte_r856_mod\dha5x5_stte_srcs_r856\release\ini.obj
c:\users\ing_test\desktop\dha5x5_stte_r856_mod\dha5x5_stte_srcs_r856\release\generatebrtdlg.obj
c:\users\ing_test\desktop\dha5x5_stte_r856_mod\dha5x5_stte_srcs_r856\release\fmt_wnd.obj
c:\users\ing_test\desktop\dha5x5_stte_r856_mod\dha5x5_stte_srcs_r856\release\fmt_tracectrl.obj
c:\users\ing_test\desktop\dha5x5_stte_r856_mod\dha5x5_stte_srcs_r856\release\fmt_dib.obj
c:\users\ing_test\desktop\dha5x5_stte_r856_mod\dha5x5_stte_srcs_r856\release\enhmaintdlg.obj
c:\users\ing_test\desktop\dha5x5_stte_r856_mod\dha5x5_stte_srcs_r856\release\editipdlg.obj
c:\users\ing_test\desktop\dha5x5_stte_r856_mod\dha5x5_stte_srcs_r856\release\dhasttedevice.obj
c:\users\ing_test\desktop\dha5x5_stte_r856_mod\dha5x5_stte_srcs_r856\release\dha5x5_sttedlg.obj
c:\users\ing_test\desktop\dha5x5_stte_r856_mod\dha5x5_stte_srcs_r856\release\dha5x5_stte.obj
c:\users\ing_test\desktop\dha5x5_stte_r856_mod\dha5x5_stte_srcs_r856\release\cremoteprocess.obj
c:\users\ing_test\desktop\dha5x5_stte_r856_mod\dha5x5_stte_srcs_r856\release\cremotepanel.obj
c:\users\ing_test\desktop\dha5x5_stte_r856_mod\dha5x5_stte_srcs_r856\release\comdlg.obj
c:\users\ing_test\desktop\dha5x5_stte_r856_mod\dha5x5_stte_srcs_r856\release\cnffile.obj
c:\users\ing_test\desktop\dha5x5_stte_r856_mod\dha5x5_stte_srcs_r856\release\clienttcpmng.obj
c:\users\ing_test\desktop\dha5x5_stte_r856_mod\dha5x5_stte_srcs_r856\release\btlfile.obj
c:\users\ing_test\desktop\dha5x5_stte_r856_mod\dha5x5_stte_srcs_r856\release\brtfbkcalibdlg.obj
c:\users\ing_test\desktop\dha5x5_stte_r856_mod\dha5x5_stte_srcs_r856\release\brtdlg.obj
c:\users\ing_test\desktop\dha5x5_stte_r856_mod\dha5x5_stte_srcs_r856\release\brtbuilderdlg.obj
c:\users\ing_test\desktop\dha5x5_stte_r856_mod\dha5x5_stte_srcs_r856\release\thrd.obj
c:\users\ing_test\desktop\dha5x5_stte_r856_mod\dha5x5_stte_srcs_r856\release\stteconfigdlg.obj
c:\users\ing_test\desktop\dha5x5_stte_r856_mod\dha5x5_stte_srcs_r856\release\statuslistctrl.obj
c:\users\ing_test\desktop\dha5x5_stte_r856_mod\dha5x5_stte_srcs_r856\release\smartstatic.obj
c:\users\ing_test\desktop\dha5x5_stte_r856_mod\dha5x5_stte_srcs_r856\release\smartlistctrl.obj
c:\users\ing_test\desktop\dha5x5_stte_r856_mod\dha5x5_stte_srcs_r856\release\selectunitdlg.obj
c:\users\ing_test\desktop\dha5x5_stte_r856_mod\dha5x5_stte_srcs_r856\release\mmdlg.obj
c:\users\ing_test\desktop\dha5x5_stte_r856_mod\dha5x5_stte_srcs_r856\release\maintmpp.obj
c:\users\ing_test\desktop\dha5x5_stte_r856_mod\dha5x5_stte_srcs_r856\release\maintdlg.obj
c:\users\ing_test\desktop\dha5x5_stte_r856_mod\dha5x5_stte_srcs_r856\release\loaderdlg.obj
c:\users\ing_test\desktop\dha5x5_stte_r856_mod\dha5x5_stte_srcs_r856\release\dha5x5_stte.exe
c:\users\ing_test\desktop\dha5x5_stte_r856_mod\dha5x5_stte_srcs_r856\release\dha5x5_stte.pdb
c:\users\ing_test\desktop\dha5x5_stte_r856_mod\dha5x5_stte_srcs_r856\release\dha5x5_stte.res
c:\users\ing_test\desktop\dha5x5_stte_r856_mod\dha5x5_stte_srcs_r856\release\dha5x5_stte.tlog\cl.command.1.tlog
c:\users\ing_test\desktop\dha5x5_stte_r856_mod\dha5x5_stte_srcs_r856\release\dha5x5_stte.tlog\cl.read.1.tlog
c:\users\ing_test\desktop\dha5x5_stte_r856_mod\dha5x5_stte_srcs_r856\release\dha5x5_stte.tlog\cl.write.1.tlog
c:\users\ing_test\desktop\dha5x5_stte_r856_mod\dha5x5_stte_srcs_r856\release\dha5x5_stte.tlog\link.command.1.tlog
c:\users\ing_test\desktop\dha5x5_stte_r856_mod\dha5x5_stte_srcs_r856\release\dha5x5_stte.tlog\link.read.1.tlog
c:\users\ing_test\desktop\dha5x5_stte_r856_mod\dha5x5_stte_srcs_r856\release\dha5x5_stte.tlog\link.write.1.tlog
c:\users\ing_test\desktop\dha5x5_stte_r856_mod\dha5x5_stte_srcs_r856\release\dha5x5_stte.tlog\rc.command.1.tlog
c:\users\ing_test\desktop\dha5x5_stte_r856_mod\dha5x5_stte_srcs_r856\release\dha5x5_stte.tlog\rc.read.1.tlog
c:\users\ing_test\desktop\dha5x5_stte_r856_mod\dha5x5_stte_srcs_r856\release\dha5x5_stte.tlog\rc.write.1.tlog
